<?xml version="1.0" encoding="UTF-8"?>
<!-- Generated by org.testng.reporters.JUnitXMLReporter -->
<testsuite hostname="DESKTOP-81ARGGN" ignored="1" name="Default test" tests="1" failures="0" timestamp="2021-07-29T11:15:46 IST" time="0.075" errors="0">
  <testcase name="readProperties" time="0.009" classname="com.vfislk.openemrtest.DemoTest"/>
  <testcase name="excelRead" time="0.0" classname="com.vfislk.openemrtest.DemoTest">
    <ignored/>
  </testcase> <!-- excelRead -->
</testsuite> <!-- Default test -->
