<?xml version="1.0" encoding="UTF-8"?>
<testng-results skipped="0" failed="0" ignored="1" total="4" passed="3">
  <reporter-output>
  </reporter-output>
  <suite name="Default suite" duration-ms="63013" started-at="2021-07-28T09:55:03 IST" finished-at="2021-07-28T09:56:06 IST">
    <groups>
    </groups>
    <test name="Default test" duration-ms="63013" started-at="2021-07-28T09:55:03 IST" finished-at="2021-07-28T09:56:06 IST">
      <class name="com.vfislk.openemrtest.LoginTest">
        <test-method status="PASS" signature="setUp(java.lang.String,java.lang.String)[pri:0, instance:com.vfislk.openemrtest.LoginTest@ae13544]" name="setUp" is-config="true" duration-ms="6074" started-at="2021-07-28T09:55:10 IST" finished-at="2021-07-28T09:55:16 IST">
          <params>
            <param index="0">
              <value>
                <![CDATA[ch]]>
              </value>
            </param>
            <param index="1">
              <value>
                <![CDATA[https://demo.openemr.io/a/openemr/index.php]]>
              </value>
            </param>
          </params>
          <reporter-output>
          </reporter-output>
        </test-method> <!-- setUp -->
        <test-method status="PASS" signature="validCredentialTest(java.lang.String,java.lang.String,java.lang.String,java.lang.String)[pri:0, instance:com.vfislk.openemrtest.LoginTest@ae13544]" name="validCredentialTest" duration-ms="9546" started-at="2021-07-28T09:55:16 IST" description="Valid Credential Test" data-provider="validCredentialData" finished-at="2021-07-28T09:55:25 IST">
          <params>
            <param index="0">
              <value>
                <![CDATA[admin]]>
              </value>
            </param>
            <param index="1">
              <value>
                <![CDATA[pass]]>
              </value>
            </param>
            <param index="2">
              <value>
                <![CDATA[English (Indian)]]>
              </value>
            </param>
            <param index="3">
              <value>
                <![CDATA[OpenEMR]]>
              </value>
            </param>
          </params>
          <reporter-output>
          </reporter-output>
        </test-method> <!-- validCredentialTest -->
        <test-method status="PASS" signature="tearDown()[pri:0, instance:com.vfislk.openemrtest.LoginTest@ae13544]" name="tearDown" is-config="true" duration-ms="6316" started-at="2021-07-28T09:55:25 IST" finished-at="2021-07-28T09:55:32 IST">
          <reporter-output>
          </reporter-output>
        </test-method> <!-- tearDown -->
        <test-method status="PASS" signature="setUp(java.lang.String,java.lang.String)[pri:0, instance:com.vfislk.openemrtest.LoginTest@ae13544]" name="setUp" is-config="true" duration-ms="4533" started-at="2021-07-28T09:55:32 IST" finished-at="2021-07-28T09:55:36 IST">
          <params>
            <param index="0">
              <value>
                <![CDATA[ch]]>
              </value>
            </param>
            <param index="1">
              <value>
                <![CDATA[https://demo.openemr.io/a/openemr/index.php]]>
              </value>
            </param>
          </params>
          <reporter-output>
          </reporter-output>
        </test-method> <!-- setUp -->
        <test-method status="PASS" signature="validCredentialTest(java.lang.String,java.lang.String,java.lang.String,java.lang.String)[pri:0, instance:com.vfislk.openemrtest.LoginTest@ae13544]" name="validCredentialTest" duration-ms="9865" started-at="2021-07-28T09:55:36 IST" description="Valid Credential Test" data-provider="validCredentialData" finished-at="2021-07-28T09:55:46 IST">
          <params>
            <param index="0">
              <value>
                <![CDATA[physician]]>
              </value>
            </param>
            <param index="1">
              <value>
                <![CDATA[physician]]>
              </value>
            </param>
            <param index="2">
              <value>
                <![CDATA[English (Indian)]]>
              </value>
            </param>
            <param index="3">
              <value>
                <![CDATA[OpenEMR]]>
              </value>
            </param>
          </params>
          <reporter-output>
          </reporter-output>
        </test-method> <!-- validCredentialTest -->
        <test-method status="PASS" signature="tearDown()[pri:0, instance:com.vfislk.openemrtest.LoginTest@ae13544]" name="tearDown" is-config="true" duration-ms="3205" started-at="2021-07-28T09:55:46 IST" finished-at="2021-07-28T09:55:49 IST">
          <reporter-output>
          </reporter-output>
        </test-method> <!-- tearDown -->
        <test-method status="PASS" signature="setUp(java.lang.String,java.lang.String)[pri:0, instance:com.vfislk.openemrtest.LoginTest@ae13544]" name="setUp" is-config="true" duration-ms="6329" started-at="2021-07-28T09:55:49 IST" finished-at="2021-07-28T09:55:56 IST">
          <params>
            <param index="0">
              <value>
                <![CDATA[ch]]>
              </value>
            </param>
            <param index="1">
              <value>
                <![CDATA[https://demo.openemr.io/a/openemr/index.php]]>
              </value>
            </param>
          </params>
          <reporter-output>
          </reporter-output>
        </test-method> <!-- setUp -->
        <test-method status="PASS" signature="validCredentialTest(java.lang.String,java.lang.String,java.lang.String,java.lang.String)[pri:0, instance:com.vfislk.openemrtest.LoginTest@ae13544]" name="validCredentialTest" duration-ms="7261" started-at="2021-07-28T09:55:56 IST" description="Valid Credential Test" data-provider="validCredentialData" finished-at="2021-07-28T09:56:03 IST">
          <params>
            <param index="0">
              <value>
                <![CDATA[accountant]]>
              </value>
            </param>
            <param index="1">
              <value>
                <![CDATA[accountant]]>
              </value>
            </param>
            <param index="2">
              <value>
                <![CDATA[English (Indian)]]>
              </value>
            </param>
            <param index="3">
              <value>
                <![CDATA[OpenEMR]]>
              </value>
            </param>
          </params>
          <reporter-output>
          </reporter-output>
        </test-method> <!-- validCredentialTest -->
        <test-method status="PASS" signature="tearDown()[pri:0, instance:com.vfislk.openemrtest.LoginTest@ae13544]" name="tearDown" is-config="true" duration-ms="2828" started-at="2021-07-28T09:56:03 IST" finished-at="2021-07-28T09:56:06 IST">
          <reporter-output>
          </reporter-output>
        </test-method> <!-- tearDown -->
      </class> <!-- com.vfislk.openemrtest.LoginTest -->
    </test> <!-- Default test -->
  </suite> <!-- Default suite -->
</testng-results>
