<?xml version="1.0" encoding="UTF-8"?>
<!-- Generated by org.testng.reporters.JUnitXMLReporter -->
<testsuite hostname="DESKTOP-81ARGGN" ignored="5" name="All" tests="9" failures="2" timestamp="2021-07-30T13:06:04 IST" time="1.79" errors="0">
  <testcase name="@AfterMethod tearDown" time="0.011" classname="com.vfislk.openemrbase.WebDriverWrapper">
    <failure type="java.lang.NullPointerException">
      <![CDATA[java.lang.NullPointerException
at com.vfislk.openemrbase.WebDriverWrapper.tearDown(WebDriverWrapper.java:102)
at java.util.ArrayList.forEach(ArrayList.java:1259)
... Removed 32 stack frames]]>
    </failure>
  </testcase> <!-- @AfterMethod tearDown -->
  <testcase name="@AfterMethod tearDown" time="0.001" classname="com.vfislk.openemrbase.WebDriverWrapper">
    <failure type="java.lang.NullPointerException">
      <![CDATA[java.lang.NullPointerException
at com.vfislk.openemrbase.WebDriverWrapper.tearDown(WebDriverWrapper.java:107)
at java.util.ArrayList.forEach(ArrayList.java:1259)
... Removed 32 stack frames]]>
    </failure>
  </testcase> <!-- @AfterMethod tearDown -->
  <testcase name="@AfterMethod tearDown" time="0.002" classname="com.vfislk.openemrbase.WebDriverWrapper">
    <failure type="java.lang.NullPointerException">
      <![CDATA[java.lang.NullPointerException
at com.vfislk.openemrbase.WebDriverWrapper.tearDown(WebDriverWrapper.java:102)
at java.util.ArrayList.forEach(ArrayList.java:1259)
... Removed 32 stack frames]]>
    </failure>
  </testcase> <!-- @AfterMethod tearDown -->
  <testcase name="@AfterMethod tearDown" time="0.003" classname="com.vfislk.openemrbase.WebDriverWrapper">
    <failure type="java.lang.NullPointerException">
      <![CDATA[java.lang.NullPointerException
at com.vfislk.openemrbase.WebDriverWrapper.tearDown(WebDriverWrapper.java:107)
at java.util.ArrayList.forEach(ArrayList.java:1259)
... Removed 32 stack frames]]>
    </failure>
  </testcase> <!-- @AfterMethod tearDown -->
  <testcase name="@AfterMethod tearDown" time="0.0" classname="com.vfislk.openemrbase.WebDriverWrapper">
    <failure type="java.lang.NullPointerException">
      <![CDATA[java.lang.NullPointerException
at com.vfislk.openemrbase.WebDriverWrapper.tearDown(WebDriverWrapper.java:107)
at java.util.ArrayList.forEach(ArrayList.java:1259)
... Removed 32 stack frames]]>
    </failure>
  </testcase> <!-- @AfterMethod tearDown -->
  <testcase name="@AfterMethod tearDown" time="0.0" classname="com.vfislk.openemrbase.WebDriverWrapper">
    <failure type="java.lang.NullPointerException">
      <![CDATA[java.lang.NullPointerException
at com.vfislk.openemrbase.WebDriverWrapper.tearDown(WebDriverWrapper.java:107)
at java.util.ArrayList.forEach(ArrayList.java:1259)
... Removed 32 stack frames]]>
    </failure>
  </testcase> <!-- @AfterMethod tearDown -->
  <testcase name="@AfterMethod tearDown" time="0.001" classname="com.vfislk.openemrbase.WebDriverWrapper">
    <failure type="java.lang.NullPointerException">
      <![CDATA[java.lang.NullPointerException
at com.vfislk.openemrbase.WebDriverWrapper.tearDown(WebDriverWrapper.java:107)
at java.util.ArrayList.forEach(ArrayList.java:1259)
... Removed 32 stack frames]]>
    </failure>
  </testcase> <!-- @AfterMethod tearDown -->
  <testcase name="@AfterMethod tearDown" time="0.001" classname="com.vfislk.openemrbase.WebDriverWrapper">
    <failure type="java.lang.NullPointerException">
      <![CDATA[java.lang.NullPointerException
at com.vfislk.openemrbase.WebDriverWrapper.tearDown(WebDriverWrapper.java:107)
at java.util.ArrayList.forEach(ArrayList.java:1259)
... Removed 32 stack frames]]>
    </failure>
  </testcase> <!-- @AfterMethod tearDown -->
  <testcase name="@AfterMethod tearDown" time="0.008" classname="com.vfislk.openemrbase.WebDriverWrapper">
    <failure type="java.lang.NullPointerException">
      <![CDATA[java.lang.NullPointerException
at com.vfislk.openemrbase.WebDriverWrapper.tearDown(WebDriverWrapper.java:107)
at java.util.ArrayList.forEach(ArrayList.java:1259)
... Removed 32 stack frames]]>
    </failure>
  </testcase> <!-- @AfterMethod tearDown -->
  <testcase name="checkHeaderAndVersionTest" time="0.095" classname="com.vfislk.openemrtest.AboutTest">
    <failure type="java.lang.NullPointerException">
      <![CDATA[java.lang.NullPointerException
at com.vfislk.openemrpages.LoginPage.enterUsername(LoginPage.java:23)
at com.vfislk.openemrtest.AboutTest.checkHeaderAndVersionTest(AboutTest.java:21)
at java.util.ArrayList.forEach(ArrayList.java:1259)
... Removed 27 stack frames]]>
    </failure>
  </testcase> <!-- checkHeaderAndVersionTest -->
  <testcase name="checkHeaderAndVersionTest" time="0.0" classname="com.vfislk.openemrtest.AboutTest">
    <skipped/>
  </testcase> <!-- checkHeaderAndVersionTest -->
  <testcase name="invalidCredentialTest" time="0.002" classname="com.vfislk.openemrtest.LoginTest">
    <failure type="java.lang.NullPointerException">
      <![CDATA[java.lang.NullPointerException
at com.vfislk.openemrpages.LoginPage.enterUsername(LoginPage.java:23)
at com.vfislk.openemrtest.LoginTest.invalidCredentialTest(LoginTest.java:17)
at java.util.ArrayList.forEach(ArrayList.java:1259)
... Removed 27 stack frames]]>
    </failure>
  </testcase> <!-- invalidCredentialTest -->
  <testcase name="invalidCredentialTest" time="0.0" classname="com.vfislk.openemrtest.LoginTest">
    <skipped/>
  </testcase> <!-- invalidCredentialTest -->
  <testcase name="invalidCredentialTest" time="0.0" classname="com.vfislk.openemrtest.LoginTest">
    <skipped/>
  </testcase> <!-- invalidCredentialTest -->
  <testcase name="invalidCredentialTest" time="0.0" classname="com.vfislk.openemrtest.LoginTest">
    <skipped/>
  </testcase> <!-- invalidCredentialTest -->
  <testcase name="validCredentialTest" time="0.0" classname="com.vfislk.openemrtest.LoginTest">
    <skipped/>
  </testcase> <!-- validCredentialTest -->
  <testcase name="validCredentialTest" time="0.0" classname="com.vfislk.openemrtest.LoginTest">
    <skipped/>
  </testcase> <!-- validCredentialTest -->
  <testcase name="validCredentialTest" time="0.0" classname="com.vfislk.openemrtest.LoginTest">
    <skipped/>
  </testcase> <!-- validCredentialTest -->
  <testcase name="@BeforeSuite start" time="0.0" classname="com.vfislk.openemrbase.WebDriverWrapper">
    <ignored/>
  </testcase> <!-- @BeforeSuite start -->
  <testcase name="@BeforeSuite start" time="0.0" classname="com.vfislk.openemrbase.WebDriverWrapper">
    <ignored/>
  </testcase> <!-- @BeforeSuite start -->
  <testcase name="addPatientTest" time="0.0" classname="com.vfislk.openemrtest.PatientTest">
    <ignored/>
  </testcase> <!-- addPatientTest -->
  <testcase name="@AfterSuite end" time="0.0" classname="com.vfislk.openemrbase.WebDriverWrapper">
    <ignored/>
  </testcase> <!-- @AfterSuite end -->
  <testcase name="@AfterSuite end" time="0.0" classname="com.vfislk.openemrbase.WebDriverWrapper">
    <ignored/>
  </testcase> <!-- @AfterSuite end -->
</testsuite> <!-- All -->
