<?xml version="1.0" encoding="UTF-8"?>
<!-- Generated by org.testng.reporters.JUnitXMLReporter -->
<testsuite hostname="DESKTOP-81ARGGN" ignored="0" name="Login Test ff" tests="2" failures="1" timestamp="2021-07-26T13:16:14 IST" time="23.948" errors="0">
  <testcase name="invalidCredentialTest" time="1.607" classname="com.vfislk.openemrtest.LoginTest"/>
  <testcase name="validCredentialTest" time="5.951" classname="com.vfislk.openemrtest.LoginTest">
    <failure type="java.lang.AssertionError" message="expected [OpenEMR] but found [patient OS]">
      <![CDATA[java.lang.AssertionError: expected [OpenEMR] but found [patient OS]
at com.vfislk.openemrtest.LoginTest.validCredentialTest(LoginTest.java:62)
at java.util.ArrayList.forEach(ArrayList.java:1259)
... Removed 33 stack frames]]>
    </failure>
  </testcase> <!-- validCredentialTest -->
</testsuite> <!-- Login Test ff -->
