<?xml version="1.0" encoding="UTF-8"?>
<!-- Generated by org.testng.reporters.JUnitXMLReporter -->
<testsuite hostname="DESKTOP-81ARGGN" ignored="0" name="Login Test ch" tests="2" failures="0" timestamp="2021-07-29T12:09:22 IST" time="111.545" errors="0">
  <testcase name="checkHeaderAndVersionTest" time="7.734" classname="com.vfislk.openemrtest.AboutTest"/>
  <testcase name="checkHeaderAndVersionTest" time="6.518" classname="com.vfislk.openemrtest.AboutTest"/>
</testsuite> <!-- Login Test ch -->
